SF:src\Data.jl
DA:44,4
DA:48,2
DA:49,2
DA:53,4
DA:54,4
DA:57,4
DA:60,2
DA:61,2
DA:62,1
DA:63,2
DA:64,2
DA:67,2
DA:100,4
DA:103,4
DA:106,2
DA:107,4
DA:110,4
DA:113,2
DA:114,2
DA:117,2
DA:153,0
DA:157,0
DA:158,0
DA:162,0
DA:163,0
DA:164,0
DA:167,0
DA:170,0
DA:172,0
DA:203,4
DA:206,2
DA:207,2
DA:208,4
DA:212,2
DA:213,1
DA:214,1
DA:215,2
DA:219,2
DA:257,2
DA:263,1
DA:266,3
DA:268,1
DA:269,0
DA:273,1
DA:274,1
DA:275,2
DA:279,2
DA:282,2
DA:283,2
DA:286,1
DA:287,1
DA:288,2
DA:289,2
DA:292,1
DA:293,1
DA:294,1
DA:295,2
DA:296,3
DA:299,1
DA:300,0
DA:304,2
DA:306,1
LH:51
LF:62
end_of_record
SF:src\RobustNMF.jl
LH:0
LF:0
end_of_record
SF:src\RobustNMFAlgorithms.jl
DA:15,0
DA:24,0
DA:26,0
DA:28,0
DA:29,0
DA:30,0
DA:32,0
DA:33,0
DA:34,0
DA:36,0
DA:38,0
DA:41,0
DA:44,0
DA:47,0
DA:48,0
DA:49,0
DA:52,0
DA:53,0
DA:54,0
DA:57,0
DA:58,0
DA:59,0
DA:60,0
DA:61,0
DA:63,0
DA:64,0
DA:66,0
LH:0
LF:27
end_of_record
SF:src\StandardNMF.jl
DA:17,0
DA:18,0
DA:19,0
DA:20,0
DA:21,0
DA:23,0
DA:24,0
DA:25,0
DA:28,0
DA:29,0
DA:30,0
DA:33,0
DA:34,0
DA:35,0
DA:36,0
DA:37,0
DA:39,0
DA:40,0
DA:41,0
LH:0
LF:19
end_of_record
